vk/build/intermediates/manifest_merge_blame_file/debug/manifest-merger-blame-debug-report.txt
1<?xml version="1.0" encoding="utf-8"?>
2<manifest xmlns:android="http://schemas.android.com/apk/res/android"
3    package="aceim.protocol.snuk182.vkontakte"
4    android:installLocation="internalOnly"
5    android:versionCode="3"
6    android:versionName="0.9.3.1" >
7
8    <uses-sdk
8-->src/main/AndroidManifest.xml:9:5-11:41
9        android:minSdkVersion="5"
9-->src/main/AndroidManifest.xml:10:9-34
10        android:targetSdkVersion="30" />
10-->src/main/AndroidManifest.xml:11:9-38
11
12    <uses-permission android:name="android.permission.INTERNET" />
12-->src/main/AndroidManifest.xml:6:2-64
12-->src/main/AndroidManifest.xml:6:19-61
13    <uses-permission android:name="android.permission.WAKE_LOCK" />
13-->src/main/AndroidManifest.xml:7:2-64
13-->src/main/AndroidManifest.xml:7:19-62
14/>
15    <application
15-->src/main/AndroidManifest.xml:13:5-36:19
16        android:name="aceim.api.application.AceIMBaseApplication"
16-->src/main/AndroidManifest.xml:14:9-66
17        android:allowBackup="true"
17-->src/main/AndroidManifest.xml:15:9-35
18        android:debuggable="true"
19        android:icon="@drawable/ic_launcher"
19-->src/main/AndroidManifest.xml:16:9-45
20        android:label="@string/app_name" >
20-->src/main/AndroidManifest.xml:17:9-41
21        <service
21-->src/main/AndroidManifest.xml:18:9-25:13
22            android:name="aceim.protocol.snuk182.vkontakte.VkProtocol"
22-->src/main/AndroidManifest.xml:18:18-44
23            android:exported="true"
23-->src/main/AndroidManifest.xml:19:7-30
24            android:process="aceim.protocol.snuk182.vkontakte" >
24-->src/main/AndroidManifest.xml:20:7-57
25            <intent-filter>
25-->src/main/AndroidManifest.xml:21:4-24:20
26                <action android:name="aceim.protocol" />
26-->src/main/AndroidManifest.xml:22:5-45
26-->src/main/AndroidManifest.xml:22:13-42
27
28                <category android:name="android.intent.category.DEFAULT" />
28-->src/main/AndroidManifest.xml:23:5-64
28-->src/main/AndroidManifest.xml:23:15-61
29            </intent-filter>
30        </service>
31
32        <activity
32-->src/main/AndroidManifest.xml:27:9-35:20
33            android:name="aceim.protocol.snuk182.vkontakte.internal.LoginActivity"
33-->src/main/AndroidManifest.xml:27:19-89
34            android:configChanges="keyboardHidden|orientation"
34-->src/main/AndroidManifest.xml:28:13-63
35            android:launchMode="standard"
35-->src/main/AndroidManifest.xml:29:13-42
36            android:theme="@android:style/Theme.Dialog" >
36-->src/main/AndroidManifest.xml:30:13-56
37            <intent-filter>
37-->src/main/AndroidManifest.xml:31:13-34:20
38                <action android:name="android.intent.action.MAIN" />
38-->src/main/AndroidManifest.xml:32:5-57
38-->src/main/AndroidManifest.xml:32:13-54
39
40                <category android:name="android.intent.category.DEFAULT" />
40-->src/main/AndroidManifest.xml:23:5-64
40-->src/main/AndroidManifest.xml:23:15-61
41            </intent-filter>
42        </activity>
43    </application>
44
45</manifest>